<?xml version="1.0" encoding="UTF-8"?>
<testng-results skipped="0" failed="0" ignored="0" total="1" passed="1">
  <reporter-output>
  </reporter-output>
  <suite name="Default suite" duration-ms="24308" started-at="2018-08-05T01:47:15Z" finished-at="2018-08-05T01:47:40Z">
    <groups>
    </groups>
    <test name="Default test" duration-ms="24308" started-at="2018-08-05T01:47:15Z" finished-at="2018-08-05T01:47:40Z">
      <class name="scripts.CP_001">
        <test-method status="PASS" signature="chrome()[pri:0, instance:scripts.CP_001@5c7fa833]" name="chrome" duration-ms="24271" started-at="2018-08-05T01:47:15Z" finished-at="2018-08-05T01:47:40Z">
          <reporter-output>
          </reporter-output>
        </test-method> <!-- chrome -->
      </class> <!-- scripts.CP_001 -->
    </test> <!-- Default test -->
  </suite> <!-- Default suite -->
</testng-results>
